13:02:06 **** Incremental Build of configuration Debug for project QueueWithLinkedList ****
make all 
Building file: ../src/QueueWithLinkedList.cpp
Invoking: Cross G++ Compiler
g++ -O0 -g3 -Wall -c -fmessage-length=0 -MMD -MP -MF"src/QueueWithLinkedList.d" -MT"src/QueueWithLinkedList.o" -o "src/QueueWithLinkedList.o" "../src/QueueWithLinkedList.cpp"
../src/QueueWithLinkedList.cpp:14:43: error: conversion from ‘int’ to non-scalar type ‘node’ requested
 } * front = NULL, * rear = NULL, count = -1;
                                           ^
../src/QueueWithLinkedList.cpp: In function ‘void enqueue(const int&)’:
../src/QueueWithLinkedList.cpp:48:9: error: no ‘operator++(int)’ declared for postfix ‘++’ [-fpermissive]
   count ++;
         ^
../src/QueueWithLinkedList.cpp: In function ‘void dequeue()’:
../src/QueueWithLinkedList.cpp:57:8: error: no ‘operator--(int)’ declared for postfix ‘--’ [-fpermissive]
   cout --;
        ^
../src/QueueWithLinkedList.cpp: In function ‘void display()’:
../src/QueueWithLinkedList.cpp:68:40: error: no match for ‘operator<<’ (operand types are ‘std::basic_ostream<char>’ and ‘node’)
  cout << "\t[" << front->data << "] [" << count << "] [" << rear->data << "]" << endl;
                                        ^
In file included from /usr/include/c++/5/iostream:39:0,
                 from ../src/QueueWithLinkedList.cpp:9:
/usr/include/c++/5/ostream:108:7: note: candidate: std::basic_ostream<_CharT, _Traits>::__ostream_type& std::basic_ostream<_CharT, _Traits>::operator<<(std::basic_ostream<_CharT, _Traits>::__ostream_type& (*)(std::basic_ostream<_CharT, _Traits>::__ostream_type&)) [with _CharT = char; _Traits = std::char_traits<char>; std::basic_ostream<_CharT, _Traits>::__ostream_type = std::basic_ostream<char>]
src/subdir.mk:18: recipe for target 'src/QueueWithLinkedList.o' failed
       operator<<(__ostream_type& (*__pf)(__ostream_type&))
       ^
/usr/include/c++/5/ostream:108:7: note:   no known conversion for argument 1 from ‘node’ to ‘std::basic_ostream<char>::__ostream_type& (*)(std::basic_ostream<char>::__ostream_type&) {aka std::basic_ostream<char>& (*)(std::basic_ostream<char>&)}’
/usr/include/c++/5/ostream:117:7: note: candidate: std::basic_ostream<_CharT, _Traits>::__ostream_type& std::basic_ostream<_CharT, _Traits>::operator<<(std::basic_ostream<_CharT, _Traits>::__ios_type& (*)(std::basic_ostream<_CharT, _Traits>::__ios_type&)) [with _CharT = char; _Traits = std::char_traits<char>; std::basic_ostream<_CharT, _Traits>::__ostream_type = std::basic_ostream<char>; std::basic_ostream<_CharT, _Traits>::__ios_type = std::basic_ios<char>]
       operator<<(__ios_type& (*__pf)(__ios_type&))
       ^
/usr/include/c++/5/ostream:117:7: note:   no known conversion for argument 1 from ‘node’ to ‘std::basic_ostream<char>::__ios_type& (*)(std::basic_ostream<char>::__ios_type&) {aka std::basic_ios<char>& (*)(std::basic_ios<char>&)}’
/usr/include/c++/5/ostream:127:7: note: candidate: std::basic_ostream<_CharT, _Traits>::__ostream_type& std::basic_ostream<_CharT, _Traits>::operator<<(std::ios_base& (*)(std::ios_base&)) [with _CharT = char; _Traits = std::char_traits<char>; std::basic_ostream<_CharT, _Traits>::__ostream_type = std::basic_ostream<char>]
       operator<<(ios_base& (*__pf) (ios_base&))
       ^
/usr/include/c++/5/ostream:127:7: note:   no known conversion for argument 1 from ‘node’ to ‘std::ios_base& (*)(std::ios_base&)’
/usr/include/c++/5/ostream:166:7: note: candidate: std::basic_ostream<_CharT, _Traits>::__ostream_type& std::basic_ostream<_CharT, _Traits>::operator<<(long int) [with _CharT = char; _Traits = std::char_traits<char>; std::basic_ostream<_CharT, _Traits>::__ostream_type = std::basic_ostream<char>]
       operator<<(long __n)
       ^
/usr/include/c++/5/ostream:166:7: note:   no known conversion for argument 1 from ‘node’ to ‘long int’
/usr/include/c++/5/ostream:170:7: note: candidate: std::basic_ostream<_CharT, _Traits>::__ostream_type& std::basic_ostream<_CharT, _Traits>::operator<<(long unsigned int) [with _CharT = char; _Traits = std::char_traits<char>; std::basic_ostream<_CharT, _Traits>::__ostream_type = std::basic_ostream<char>]
       operator<<(unsigned long __n)
       ^
/usr/include/c++/5/ostream:170:7: note:   no known conversion for argument 1 from ‘node’ to ‘long unsigned int’
/usr/include/c++/5/ostream:174:7: note: candidate: std::basic_ostream<_CharT, _Traits>::__ostream_type& std::basic_ostream<_CharT, _Traits>::operator<<(bool) [with _CharT = char; _Traits = std::char_traits<char>; std::basic_ostream<_CharT, _Traits>::__ostream_type = std::basic_ostream<char>]
       operator<<(bool __n)
       ^
/usr/include/c++/5/ostream:174:7: note:   no known conversion for argument 1 from ‘node’ to ‘bool’
In file included from /usr/include/c++/5/ostream:638:0,
                 from /usr/include/c++/5/iostream:39,
                 from ../src/QueueWithLinkedList.cpp:9:
/usr/include/c++/5/bits/ostream.tcc:91:5: note: candidate: std::basic_ostream<_CharT, _Traits>& std::basic_ostream<_CharT, _Traits>::operator<<(short int) [with _CharT = char; _Traits = std::char_traits<char>]
     basic_ostream<_CharT, _Traits>::
     ^
/usr/include/c++/5/bits/ostream.tcc:91:5: note:   no known conversion for argument 1 from ‘node’ to ‘short int’
In file included from /usr/include/c++/5/iostream:39:0,
                 from ../src/QueueWithLinkedList.cpp:9:
/usr/include/c++/5/ostream:181:7: note: candidate: std::basic_ostream<_CharT, _Traits>::__ostream_type& std::basic_ostream<_CharT, _Traits>::operator<<(short unsigned int) [with _CharT = char; _Traits = std::char_traits<char>; std::basic_ostream<_CharT, _Traits>::__ostream_type = std::basic_ostream<char>]
       operator<<(unsigned short __n)
       ^
/usr/include/c++/5/ostream:181:7: note:   no known conversion for argument 1 from ‘node’ to ‘short unsigned int’
In file included from /usr/include/c++/5/ostream:638:0,
                 from /usr/include/c++/5/iostream:39,
                 from ../src/QueueWithLinkedList.cpp:9:
/usr/include/c++/5/bits/ostream.tcc:105:5: note: candidate: std::basic_ostream<_CharT, _Traits>& std::basic_ostream<_CharT, _Traits>::operator<<(int) [with _CharT = char; _Traits = std::char_traits<char>]
     basic_ostream<_CharT, _Traits>::
     ^
/usr/include/c++/5/bits/ostream.tcc:105:5: note:   no known conversion for argument 1 from ‘node’ to ‘int’
In file included from /usr/include/c++/5/iostream:39:0,
                 from ../src/QueueWithLinkedList.cpp:9:
/usr/include/c++/5/ostream:192:7: note: candidate: std::basic_ostream<_CharT, _Traits>::__ostream_type& std::basic_ostream<_CharT, _Traits>::operator<<(unsigned int) [with _CharT = char; _Traits = std::char_traits<char>; std::basic_ostream<_CharT, _Traits>::__ostream_type = std::basic_ostream<char>]
       operator<<(unsigned int __n)
       ^
/usr/include/c++/5/ostream:192:7: note:   no known conversion for argument 1 from ‘node’ to ‘unsigned int’
/usr/include/c++/5/ostream:201:7: note: candidate: std::basic_ostream<_CharT, _Traits>::__ostream_type& std::basic_ostream<_CharT, _Traits>::operator<<(long long int) [with _CharT = char; _Traits = std::char_traits<char>; std::basic_ostream<_CharT, _Traits>::__ostream_type = std::basic_ostream<char>]
       operator<<(long long __n)
       ^
/usr/include/c++/5/ostream:201:7: note:   no known conversion for argument 1 from ‘node’ to ‘long long int’
/usr/include/c++/5/ostream:205:7: note: candidate: std::basic_ostream<_CharT, _Traits>::__ostream_type& std::basic_ostream<_CharT, _Traits>::operator<<(long long unsigned int) [with _CharT = char; _Traits = std::char_traits<char>; std::basic_ostream<_CharT, _Traits>::__ostream_type = std::basic_ostream<char>]
       operator<<(unsigned long long __n)
       ^
/usr/include/c++/5/ostream:205:7: note:   no known conversion for argument 1 from ‘node’ to ‘long long unsigned int’
/usr/include/c++/5/ostream:220:7: note: candidate: std::basic_ostream<_CharT, _Traits>::__ostream_type& std::basic_ostream<_CharT, _Traits>::operator<<(double) [with _CharT = char; _Traits = std::char_traits<char>; std::basic_ostream<_CharT, _Traits>::__ostream_type = std::basic_ostream<char>]
       operator<<(double __f)
       ^
/usr/include/c++/5/ostream:220:7: note:   no known conversion for argument 1 from ‘node’ to ‘double’
/usr/include/c++/5/ostream:224:7: note: candidate: std::basic_ostream<_CharT, _Traits>::__ostream_type& std::basic_ostream<_CharT, _Traits>::operator<<(float) [with _CharT = char; _Traits = std::char_traits<char>; std::basic_ostream<_CharT, _Traits>::__ostream_type = std::basic_ostream<char>]
       operator<<(float __f)
       ^
/usr/include/c++/5/ostream:224:7: note:   no known conversion for argument 1 from ‘node’ to ‘float’
/usr/include/c++/5/ostream:232:7: note: candidate: std::basic_ostream<_CharT, _Traits>::__ostream_type& std::basic_ostream<_CharT, _Traits>::operator<<(long double) [with _CharT = char; _Traits = std::char_traits<char>; std::basic_ostream<_CharT, _Traits>::__ostream_type = std::basic_ostream<char>]
       operator<<(long double __f)
       ^
/usr/include/c++/5/ostream:232:7: note:   no known conversion for argument 1 from ‘node’ to ‘long double’
/usr/include/c++/5/ostream:245:7: note: candidate: std::basic_ostream<_CharT, _Traits>::__ostream_type& std::basic_ostream<_CharT, _Traits>::operator<<(const void*) [with _CharT = char; _Traits = std::char_traits<char>; std::basic_ostream<_CharT, _Traits>::__ostream_type = std::basic_ostream<char>]
       operator<<(const void* __p)
       ^
/usr/include/c++/5/ostream:245:7: note:   no known conversion for argument 1 from ‘node’ to ‘const void*’
In file included from /usr/include/c++/5/ostream:638:0,
                 from /usr/include/c++/5/iostream:39,
                 from ../src/QueueWithLinkedList.cpp:9:
/usr/include/c++/5/bits/ostream.tcc:119:5: note: candidate: std::basic_ostream<_CharT, _Traits>& std::basic_ostream<_CharT, _Traits>::operator<<(std::basic_ostream<_CharT, _Traits>::__streambuf_type*) [with _CharT = char; _Traits = std::char_traits<char>; std::basic_ostream<_CharT, _Traits>::__streambuf_type = std::basic_streambuf<char>]
     basic_ostream<_CharT, _Traits>::
     ^
/usr/include/c++/5/bits/ostream.tcc:119:5: note:   no known conversion for argument 1 from ‘node’ to ‘std::basic_ostream<char>::__streambuf_type* {aka std::basic_streambuf<char>*}’
In file included from /usr/include/c++/5/string:52:0,
                 from /usr/include/c++/5/bits/locale_classes.h:40,
                 from /usr/include/c++/5/bits/ios_base.h:41,
                 from /usr/include/c++/5/ios:42,
                 from /usr/include/c++/5/ostream:38,
                 from /usr/include/c++/5/iostream:39,
                 from ../src/QueueWithLinkedList.cpp:9:
/usr/include/c++/5/bits/basic_string.h:5172:5: note: candidate: template<class _CharT, class _Traits, class _Alloc> std::basic_ostream<_CharT, _Traits>& std::operator<<(std::basic_ostream<_CharT, _Traits>&, const std::__cxx11::basic_string<_CharT, _Traits, _Alloc>&)
     operator<<(basic_ostream<_CharT, _Traits>& __os,
     ^
/usr/include/c++/5/bits/basic_string.h:5172:5: note:   template argument deduction/substitution failed:
../src/QueueWithLinkedList.cpp:68:43: note:   ‘node’ is not derived from ‘const std::__cxx11::basic_string<_CharT, _Traits, _Alloc>’
  cout << "\t[" << front->data << "] [" << count << "] [" << rear->data << "]" << endl;
                                           ^
In file included from /usr/include/c++/5/iostream:39:0,
                 from ../src/QueueWithLinkedList.cpp:9:
/usr/include/c++/5/ostream:497:5: note: candidate: template<class _CharT, class _Traits> std::basic_ostream<_CharT, _Traits>& std::operator<<(std::basic_ostream<_CharT, _Traits>&, _CharT)
     operator<<(basic_ostream<_CharT, _Traits>& __out, _CharT __c)
     ^
/usr/include/c++/5/ostream:497:5: note:   template argument deduction/substitution failed:
../src/QueueWithLinkedList.cpp:68:43: note:   deduced conflicting types for parameter ‘_CharT’ (‘char’ and ‘node’)
  cout << "\t[" << front->data << "] [" << count << "] [" << rear->data << "]" << endl;
                                           ^
In file included from /usr/include/c++/5/iostream:39:0,
                 from ../src/QueueWithLinkedList.cpp:9:
/usr/include/c++/5/ostream:502:5: note: candidate: template<class _CharT, class _Traits> std::basic_ostream<_CharT, _Traits>& std::operator<<(std::basic_ostream<_CharT, _Traits>&, char)
     operator<<(basic_ostream<_CharT, _Traits>& __out, char __c)
     ^
/usr/include/c++/5/ostream:502:5: note:   template argument deduction/substitution failed:
../src/QueueWithLinkedList.cpp:68:43: note:   cannot convert ‘count’ (type ‘node’) to type ‘char’
  cout << "\t[" << front->data << "] [" << count << "] [" << rear->data << "]" << endl;
                                           ^
In file included from /usr/include/c++/5/iostream:39:0,
                 from ../src/QueueWithLinkedList.cpp:9:
/usr/include/c++/5/ostream:508:5: note: candidate: template<class _Traits> std::basic_ostream<char, _Traits>& std::operator<<(std::basic_ostream<char, _Traits>&, char)
     operator<<(basic_ostream<char, _Traits>& __out, char __c)
     ^
/usr/include/c++/5/ostream:508:5: note:   template argument deduction/substitution failed:
../src/QueueWithLinkedList.cpp:68:43: note:   cannot convert ‘count’ (type ‘node’) to type ‘char’
  cout << "\t[" << front->data << "] [" << count << "] [" << rear->data << "]" << endl;
                                           ^
In file included from /usr/include/c++/5/iostream:39:0,
                 from ../src/QueueWithLinkedList.cpp:9:
/usr/include/c++/5/ostream:514:5: note: candidate: template<class _Traits> std::basic_ostream<char, _Traits>& std::operator<<(std::basic_ostream<char, _Traits>&, signed char)
     operator<<(basic_ostream<char, _Traits>& __out, signed char __c)
     ^
/usr/include/c++/5/ostream:514:5: note:   template argument deduction/substitution failed:
../src/QueueWithLinkedList.cpp:68:43: note:   cannot convert ‘count’ (type ‘node’) to type ‘signed char’
  cout << "\t[" << front->data << "] [" << count << "] [" << rear->data << "]" << endl;
                                           ^
In file included from /usr/include/c++/5/iostream:39:0,
                 from ../src/QueueWithLinkedList.cpp:9:
/usr/include/c++/5/ostream:519:5: note: candidate: template<class _Traits> std::basic_ostream<char, _Traits>& std::operator<<(std::basic_ostream<char, _Traits>&, unsigned char)
     operator<<(basic_ostream<char, _Traits>& __out, unsigned char __c)
     ^
/usr/include/c++/5/ostream:519:5: note:   template argument deduction/substitution failed:
../src/QueueWithLinkedList.cpp:68:43: note:   cannot convert ‘count’ (type ‘node’) to type ‘unsigned char’
  cout << "\t[" << front->data << "] [" << count << "] [" << rear->data << "]" << endl;
                                           ^
In file included from /usr/include/c++/5/iostream:39:0,
                 from ../src/QueueWithLinkedList.cpp:9:
/usr/include/c++/5/ostream:539:5: note: candidate: template<class _CharT, class _Traits> std::basic_ostream<_CharT, _Traits>& std::operator<<(std::basic_ostream<_CharT, _Traits>&, const _CharT*)
     operator<<(basic_ostream<_CharT, _Traits>& __out, const _CharT* __s)
     ^
/usr/include/c++/5/ostream:539:5: note:   template argument deduction/substitution failed:
../src/QueueWithLinkedList.cpp:68:43: note:   mismatched types ‘const _CharT*’ and ‘node’
  cout << "\t[" << front->data << "] [" << count << "] [" << rear->data << "]" << endl;
                                           ^
In file included from /usr/include/c++/5/ostream:638:0,
                 from /usr/include/c++/5/iostream:39,
                 from ../src/QueueWithLinkedList.cpp:9:
/usr/include/c++/5/bits/ostream.tcc:321:5: note: candidate: template<class _CharT, class _Traits> std::basic_ostream<_CharT, _Traits>& std::operator<<(std::basic_ostream<_CharT, _Traits>&, const char*)
     operator<<(basic_ostream<_CharT, _Traits>& __out, const char* __s)
     ^
/usr/include/c++/5/bits/ostream.tcc:321:5: note:   template argument deduction/substitution failed:
../src/QueueWithLinkedList.cpp:68:43: note:   cannot convert ‘count’ (type ‘node’) to type ‘const char*’
  cout << "\t[" << front->data << "] [" << count << "] [" << rear->data << "]" << endl;
                                           ^
In file included from /usr/include/c++/5/iostream:39:0,
                 from ../src/QueueWithLinkedList.cpp:9:
/usr/include/c++/5/ostream:556:5: note: candidate: template<class _Traits> std::basic_ostream<char, _Traits>& std::operator<<(std::basic_ostream<char, _Traits>&, const char*)
     operator<<(basic_ostream<char, _Traits>& __out, const char* __s)
     ^
/usr/include/c++/5/ostream:556:5: note:   template argument deduction/substitution failed:
../src/QueueWithLinkedList.cpp:68:43: note:   cannot convert ‘count’ (type ‘node’) to type ‘const char*’
  cout << "\t[" << front->data << "] [" << count << "] [" << rear->data << "]" << endl;
                                           ^
In file included from /usr/include/c++/5/iostream:39:0,
                 from ../src/QueueWithLinkedList.cpp:9:
/usr/include/c++/5/ostream:569:5: note: candidate: template<class _Traits> std::basic_ostream<char, _Traits>& std::operator<<(std::basic_ostream<char, _Traits>&, const signed char*)
     operator<<(basic_ostream<char, _Traits>& __out, const signed char* __s)
     ^
/usr/include/c++/5/ostream:569:5: note:   template argument deduction/substitution failed:
../src/QueueWithLinkedList.cpp:68:43: note:   cannot convert ‘count’ (type ‘node’) to type ‘const signed char*’
  cout << "\t[" << front->data << "] [" << count << "] [" << rear->data << "]" << endl;
                                           ^
In file included from /usr/include/c++/5/iostream:39:0,
                 from ../src/QueueWithLinkedList.cpp:9:
/usr/include/c++/5/ostream:574:5: note: candidate: template<class _Traits> std::basic_ostream<char, _Traits>& std::operator<<(std::basic_ostream<char, _Traits>&, const unsigned char*)
     operator<<(basic_ostream<char, _Traits>& __out, const unsigned char* __s)
     ^
/usr/include/c++/5/ostream:574:5: note:   template argument deduction/substitution failed:
../src/QueueWithLinkedList.cpp:68:43: note:   cannot convert ‘count’ (type ‘node’) to type ‘const unsigned char*’
  cout << "\t[" << front->data << "] [" << count << "] [" << rear->data << "]" << endl;
                                           ^
../src/QueueWithLinkedList.cpp:69:40: error: no match for ‘operator<<’ (operand types are ‘std::basic_ostream<char>’ and ‘node’)
  cout << "\t[" << front->link << "] [" << count << "] [" << rear->link << "]" << endl;
                                        ^
In file included from /usr/include/c++/5/iostream:39:0,
                 from ../src/QueueWithLinkedList.cpp:9:
/usr/include/c++/5/ostream:108:7: note: candidate: std::basic_ostream<_CharT, _Traits>::__ostream_type& std::basic_ostream<_CharT, _Traits>::operator<<(std::basic_ostream<_CharT, _Traits>::__ostream_type& (*)(std::basic_ostream<_CharT, _Traits>::__ostream_type&)) [with _CharT = char; _Traits = std::char_traits<char>; std::basic_ostream<_CharT, _Traits>::__ostream_type = std::basic_ostream<char>]
       operator<<(__ostream_type& (*__pf)(__ostream_type&))
       ^
/usr/include/c++/5/ostream:108:7: note:   no known conversion for argument 1 from ‘node’ to ‘std::basic_ostream<char>::__ostream_type& (*)(std::basic_ostream<char>::__ostream_type&) {aka std::basic_ostream<char>& (*)(std::basic_ostream<char>&)}’
/usr/include/c++/5/ostream:117:7: note: candidate: std::basic_ostream<_CharT, _Traits>::__ostream_type& std::basic_ostream<_CharT, _Traits>::operator<<(std::basic_ostream<_CharT, _Traits>::__ios_type& (*)(std::basic_ostream<_CharT, _Traits>::__ios_type&)) [with _CharT = char; _Traits = std::char_traits<char>; std::basic_ostream<_CharT, _Traits>::__ostream_type = std::basic_ostream<char>; std::basic_ostream<_CharT, _Traits>::__ios_type = std::basic_ios<char>]
       operator<<(__ios_type& (*__pf)(__ios_type&))
       ^
/usr/include/c++/5/ostream:117:7: note:   no known conversion for argument 1 from ‘node’ to ‘std::basic_ostream<char>::__ios_type& (*)(std::basic_ostream<char>::__ios_type&) {aka std::basic_ios<char>& (*)(std::basic_ios<char>&)}’
/usr/include/c++/5/ostream:127:7: note: candidate: std::basic_ostream<_CharT, _Traits>::__ostream_type& std::basic_ostream<_CharT, _Traits>::operator<<(std::ios_base& (*)(std::ios_base&)) [with _CharT = char; _Traits = std::char_traits<char>; std::basic_ostream<_CharT, _Traits>::__ostream_type = std::basic_ostream<char>]
       operator<<(ios_base& (*__pf) (ios_base&))
       ^
/usr/include/c++/5/ostream:127:7: note:   no known conversion for argument 1 from ‘node’ to ‘std::ios_base& (*)(std::ios_base&)’
/usr/include/c++/5/ostream:166:7: note: candidate: std::basic_ostream<_CharT, _Traits>::__ostream_type& std::basic_ostream<_CharT, _Traits>::operator<<(long int) [with _CharT = char; _Traits = std::char_traits<char>; std::basic_ostream<_CharT, _Traits>::__ostream_type = std::basic_ostream<char>]
       operator<<(long __n)
       ^
/usr/include/c++/5/ostream:166:7: note:   no known conversion for argument 1 from ‘node’ to ‘long int’
/usr/include/c++/5/ostream:170:7: note: candidate: std::basic_ostream<_CharT, _Traits>::__ostream_type& std::basic_ostream<_CharT, _Traits>::operator<<(long unsigned int) [with _CharT = char; _Traits = std::char_traits<char>; std::basic_ostream<_CharT, _Traits>::__ostream_type = std::basic_ostream<char>]
       operator<<(unsigned long __n)
       ^
/usr/include/c++/5/ostream:170:7: note:   no known conversion for argument 1 from ‘node’ to ‘long unsigned int’
/usr/include/c++/5/ostream:174:7: note: candidate: std::basic_ostream<_CharT, _Traits>::__ostream_type& std::basic_ostream<_CharT, _Traits>::operator<<(bool) [with _CharT = char; _Traits = std::char_traits<char>; std::basic_ostream<_CharT, _Traits>::__ostream_type = std::basic_ostream<char>]
       operator<<(bool __n)
       ^
/usr/include/c++/5/ostream:174:7: note:   no known conversion for argument 1 from ‘node’ to ‘bool’
In file included from /usr/include/c++/5/ostream:638:0,
                 from /usr/include/c++/5/iostream:39,
                 from ../src/QueueWithLinkedList.cpp:9:
/usr/include/c++/5/bits/ostream.tcc:91:5: note: candidate: std::basic_ostream<_CharT, _Traits>& std::basic_ostream<_CharT, _Traits>::operator<<(short int) [with _CharT = char; _Traits = std::char_traits<char>]
     basic_ostream<_CharT, _Traits>::
     ^
/usr/include/c++/5/bits/ostream.tcc:91:5: note:   no known conversion for argument 1 from ‘node’ to ‘short int’
In file included from /usr/include/c++/5/iostream:39:0,
                 from ../src/QueueWithLinkedList.cpp:9:
/usr/include/c++/5/ostream:181:7: note: candidate: std::basic_ostream<_CharT, _Traits>::__ostream_type& std::basic_ostream<_CharT, _Traits>::operator<<(short unsigned int) [with _CharT = char; _Traits = std::char_traits<char>; std::basic_ostream<_CharT, _Traits>::__ostream_type = std::basic_ostream<char>]
       operator<<(unsigned short __n)
       ^
/usr/include/c++/5/ostream:181:7: note:   no known conversion for argument 1 from ‘node’ to ‘short unsigned int’
In file included from /usr/include/c++/5/ostream:638:0,
                 from /usr/include/c++/5/iostream:39,
                 from ../src/QueueWithLinkedList.cpp:9:
/usr/include/c++/5/bits/ostream.tcc:105:5: note: candidate: std::basic_ostream<_CharT, _Traits>& std::basic_ostream<_CharT, _Traits>::operator<<(int) [with _CharT = char; _Traits = std::char_traits<char>]
     basic_ostream<_CharT, _Traits>::
     ^
/usr/include/c++/5/bits/ostream.tcc:105:5: note:   no known conversion for argument 1 from ‘node’ to ‘int’
In file included from /usr/include/c++/5/iostream:39:0,
                 from ../src/QueueWithLinkedList.cpp:9:
/usr/include/c++/5/ostream:192:7: note: candidate: std::basic_ostream<_CharT, _Traits>::__ostream_type& std::basic_ostream<_CharT, _Traits>::operator<<(unsigned int) [with _CharT = char; _Traits = std::char_traits<char>; std::basic_ostream<_CharT, _Traits>::__ostream_type = std::basic_ostream<char>]
       operator<<(unsigned int __n)
       ^
/usr/include/c++/5/ostream:192:7: note:   no known conversion for argument 1 from ‘node’ to ‘unsigned int’
/usr/include/c++/5/ostream:201:7: note: candidate: std::basic_ostream<_CharT, _Traits>::__ostream_type& std::basic_ostream<_CharT, _Traits>::operator<<(long long int) [with _CharT = char; _Traits = std::char_traits<char>; std::basic_ostream<_CharT, _Traits>::__ostream_type = std::basic_ostream<char>]
       operator<<(long long __n)
       ^
/usr/include/c++/5/ostream:201:7: note:   no known conversion for argument 1 from ‘node’ to ‘long long int’
/usr/include/c++/5/ostream:205:7: note: candidate: std::basic_ostream<_CharT, _Traits>::__ostream_type& std::basic_ostream<_CharT, _Traits>::operator<<(long long unsigned int) [with _CharT = char; _Traits = std::char_traits<char>; std::basic_ostream<_CharT, _Traits>::__ostream_type = std::basic_ostream<char>]
       operator<<(unsigned long long __n)
       ^
/usr/include/c++/5/ostream:205:7: note:   no known conversion for argument 1 from ‘node’ to ‘long long unsigned int’
/usr/include/c++/5/ostream:220:7: note: candidate: std::basic_ostream<_CharT, _Traits>::__ostream_type& std::basic_ostream<_CharT, _Traits>::operator<<(double) [with _CharT = char; _Traits = std::char_traits<char>; std::basic_ostream<_CharT, _Traits>::__ostream_type = std::basic_ostream<char>]
       operator<<(double __f)
       ^
/usr/include/c++/5/ostream:220:7: note:   no known conversion for argument 1 from ‘node’ to ‘double’
/usr/include/c++/5/ostream:224:7: note: candidate: std::basic_ostream<_CharT, _Traits>::__ostream_type& std::basic_ostream<_CharT, _Traits>::operator<<(float) [with _CharT = char; _Traits = std::char_traits<char>; std::basic_ostream<_CharT, _Traits>::__ostream_type = std::basic_ostream<char>]
       operator<<(float __f)
       ^
/usr/include/c++/5/ostream:224:7: note:   no known conversion for argument 1 from ‘node’ to ‘float’
/usr/include/c++/5/ostream:232:7: note: candidate: std::basic_ostream<_CharT, _Traits>::__ostream_type& std::basic_ostream<_CharT, _Traits>::operator<<(long double) [with _CharT = char; _Traits = std::char_traits<char>; std::basic_ostream<_CharT, _Traits>::__ostream_type = std::basic_ostream<char>]
       operator<<(long double __f)
       ^
/usr/include/c++/5/ostream:232:7: note:   no known conversion for argument 1 from ‘node’ to ‘long double’
/usr/include/c++/5/ostream:245:7: note: candidate: std::basic_ostream<_CharT, _Traits>::__ostream_type& std::basic_ostream<_CharT, _Traits>::operator<<(const void*) [with _CharT = char; _Traits = std::char_traits<char>; std::basic_ostream<_CharT, _Traits>::__ostream_type = std::basic_ostream<char>]
       operator<<(const void* __p)
       ^
/usr/include/c++/5/ostream:245:7: note:   no known conversion for argument 1 from ‘node’ to ‘const void*’
In file included from /usr/include/c++/5/ostream:638:0,
                 from /usr/include/c++/5/iostream:39,
                 from ../src/QueueWithLinkedList.cpp:9:
/usr/include/c++/5/bits/ostream.tcc:119:5: note: candidate: std::basic_ostream<_CharT, _Traits>& std::basic_ostream<_CharT, _Traits>::operator<<(std::basic_ostream<_CharT, _Traits>::__streambuf_type*) [with _CharT = char; _Traits = std::char_traits<char>; std::basic_ostream<_CharT, _Traits>::__streambuf_type = std::basic_streambuf<char>]
     basic_ostream<_CharT, _Traits>::
     ^
/usr/include/c++/5/bits/ostream.tcc:119:5: note:   no known conversion for argument 1 from ‘node’ to ‘std::basic_ostream<char>::__streambuf_type* {aka std::basic_streambuf<char>*}’
In file included from /usr/include/c++/5/string:52:0,
                 from /usr/include/c++/5/bits/locale_classes.h:40,
                 from /usr/include/c++/5/bits/ios_base.h:41,
                 from /usr/include/c++/5/ios:42,
                 from /usr/include/c++/5/ostream:38,
                 from /usr/include/c++/5/iostream:39,
                 from ../src/QueueWithLinkedList.cpp:9:
/usr/include/c++/5/bits/basic_string.h:5172:5: note: candidate: template<class _CharT, class _Traits, class _Alloc> std::basic_ostream<_CharT, _Traits>& std::operator<<(std::basic_ostream<_CharT, _Traits>&, const std::__cxx11::basic_string<_CharT, _Traits, _Alloc>&)
     operator<<(basic_ostream<_CharT, _Traits>& __os,
     ^
/usr/include/c++/5/bits/basic_string.h:5172:5: note:   template argument deduction/substitution failed:
../src/QueueWithLinkedList.cpp:69:43: note:   ‘node’ is not derived from ‘const std::__cxx11::basic_string<_CharT, _Traits, _Alloc>’
  cout << "\t[" << front->link << "] [" << count << "] [" << rear->link << "]" << endl;
                                           ^
In file included from /usr/include/c++/5/iostream:39:0,
                 from ../src/QueueWithLinkedList.cpp:9:
/usr/include/c++/5/ostream:497:5: note: candidate: template<class _CharT, class _Traits> std::basic_ostream<_CharT, _Traits>& std::operator<<(std::basic_ostream<_CharT, _Traits>&, _CharT)
     operator<<(basic_ostream<_CharT, _Traits>& __out, _CharT __c)
     ^
/usr/include/c++/5/ostream:497:5: note:   template argument deduction/substitution failed:
../src/QueueWithLinkedList.cpp:69:43: note:   deduced conflicting types for parameter ‘_CharT’ (‘char’ and ‘node’)
  cout << "\t[" << front->link << "] [" << count << "] [" << rear->link << "]" << endl;
                                           ^
In file included from /usr/include/c++/5/iostream:39:0,
                 from ../src/QueueWithLinkedList.cpp:9:
/usr/include/c++/5/ostream:502:5: note: candidate: template<class _CharT, class _Traits> std::basic_ostream<_CharT, _Traits>& std::operator<<(std::basic_ostream<_CharT, _Traits>&, char)
     operator<<(basic_ostream<_CharT, _Traits>& __out, char __c)
     ^
/usr/include/c++/5/ostream:502:5: note:   template argument deduction/substitution failed:
../src/QueueWithLinkedList.cpp:69:43: note:   cannot convert ‘count’ (type ‘node’) to type ‘char’
  cout << "\t[" << front->link << "] [" << count << "] [" << rear->link << "]" << endl;
                                           ^
In file included from /usr/include/c++/5/iostream:39:0,
                 from ../src/QueueWithLinkedList.cpp:9:
/usr/include/c++/5/ostream:508:5: note: candidate: template<class _Traits> std::basic_ostream<char, _Traits>& std::operator<<(std::basic_ostream<char, _Traits>&, char)
     operator<<(basic_ostream<char, _Traits>& __out, char __c)
     ^
/usr/include/c++/5/ostream:508:5: note:   template argument deduction/substitution failed:
../src/QueueWithLinkedList.cpp:69:43: note:   cannot convert ‘count’ (type ‘node’) to type ‘char’
  cout << "\t[" << front->link << "] [" << count << "] [" << rear->link << "]" << endl;
                                           ^
In file included from /usr/include/c++/5/iostream:39:0,
                 from ../src/QueueWithLinkedList.cpp:9:
/usr/include/c++/5/ostream:514:5: note: candidate: template<class _Traits> std::basic_ostream<char, _Traits>& std::operator<<(std::basic_ostream<char, _Traits>&, signed char)
     operator<<(basic_ostream<char, _Traits>& __out, signed char __c)
     ^
/usr/include/c++/5/ostream:514:5: note:   template argument deduction/substitution failed:
../src/QueueWithLinkedList.cpp:69:43: note:   cannot convert ‘count’ (type ‘node’) to type ‘signed char’
  cout << "\t[" << front->link << "] [" << count << "] [" << rear->link << "]" << endl;
                                           ^
In file included from /usr/include/c++/5/iostream:39:0,
                 from ../src/QueueWithLinkedList.cpp:9:
/usr/include/c++/5/ostream:519:5: note: candidate: template<class _Traits> std::basic_ostream<char, _Traits>& std::operator<<(std::basic_ostream<char, _Traits>&, unsigned char)
     operator<<(basic_ostream<char, _Traits>& __out, unsigned char __c)
     ^
/usr/include/c++/5/ostream:519:5: note:   template argument deduction/substitution failed:
../src/QueueWithLinkedList.cpp:69:43: note:   cannot convert ‘count’ (type ‘node’) to type ‘unsigned char’
  cout << "\t[" << front->link << "] [" << count << "] [" << rear->link << "]" << endl;
                                           ^
In file included from /usr/include/c++/5/iostream:39:0,
                 from ../src/QueueWithLinkedList.cpp:9:
/usr/include/c++/5/ostream:539:5: note: candidate: template<class _CharT, class _Traits> std::basic_ostream<_CharT, _Traits>& std::operator<<(std::basic_ostream<_CharT, _Traits>&, const _CharT*)
     operator<<(basic_ostream<_CharT, _Traits>& __out, const _CharT* __s)
     ^
/usr/include/c++/5/ostream:539:5: note:   template argument deduction/substitution failed:
../src/QueueWithLinkedList.cpp:69:43: note:   mismatched types ‘const _CharT*’ and ‘node’
  cout << "\t[" << front->link << "] [" << count << "] [" << rear->link << "]" << endl;
                                           ^
In file included from /usr/include/c++/5/ostream:638:0,
                 from /usr/include/c++/5/iostream:39,
                 from ../src/QueueWithLinkedList.cpp:9:
/usr/include/c++/5/bits/ostream.tcc:321:5: note: candidate: template<class _CharT, class _Traits> std::basic_ostream<_CharT, _Traits>& std::operator<<(std::basic_ostream<_CharT, _Traits>&, const char*)
     operator<<(basic_ostream<_CharT, _Traits>& __out, const char* __s)
     ^
/usr/include/c++/5/bits/ostream.tcc:321:5: note:   template argument deduction/substitution failed:
../src/QueueWithLinkedList.cpp:69:43: note:   cannot convert ‘count’ (type ‘node’) to type ‘const char*’
  cout << "\t[" << front->link << "] [" << count << "] [" << rear->link << "]" << endl;
                                           ^
In file included from /usr/include/c++/5/iostream:39:0,
                 from ../src/QueueWithLinkedList.cpp:9:
/usr/include/c++/5/ostream:556:5: note: candidate: template<class _Traits> std::basic_ostream<char, _Traits>& std::operator<<(std::basic_ostream<char, _Traits>&, const char*)
     operator<<(basic_ostream<char, _Traits>& __out, const char* __s)
     ^
/usr/include/c++/5/ostream:556:5: note:   template argument deduction/substitution failed:
../src/QueueWithLinkedList.cpp:69:43: note:   cannot convert ‘count’ (type ‘node’) to type ‘const char*’
  cout << "\t[" << front->link << "] [" << count << "] [" << rear->link << "]" << endl;
                                           ^
In file included from /usr/include/c++/5/iostream:39:0,
                 from ../src/QueueWithLinkedList.cpp:9:
/usr/include/c++/5/ostream:569:5: note: candidate: template<class _Traits> std::basic_ostream<char, _Traits>& std::operator<<(std::basic_ostream<char, _Traits>&, const signed char*)
     operator<<(basic_ostream<char, _Traits>& __out, const signed char* __s)
     ^
/usr/include/c++/5/ostream:569:5: note:   template argument deduction/substitution failed:
../src/QueueWithLinkedList.cpp:69:43: note:   cannot convert ‘count’ (type ‘node’) to type ‘const signed char*’
  cout << "\t[" << front->link << "] [" << count << "] [" << rear->link << "]" << endl;
                                           ^
In file included from /usr/include/c++/5/iostream:39:0,
                 from ../src/QueueWithLinkedList.cpp:9:
/usr/include/c++/5/ostream:574:5: note: candidate: template<class _Traits> std::basic_ostream<char, _Traits>& std::operator<<(std::basic_ostream<char, _Traits>&, const unsigned char*)
     operator<<(basic_ostream<char, _Traits>& __out, const unsigned char* __s)
     ^
/usr/include/c++/5/ostream:574:5: note:   template argument deduction/substitution failed:
../src/QueueWithLinkedList.cpp:69:43: note:   cannot convert ‘count’ (type ‘node’) to type ‘const unsigned char*’
  cout << "\t[" << front->link << "] [" << count << "] [" << rear->link << "]" << endl;
                                           ^
../src/QueueWithLinkedList.cpp:70:9: warning: unused variable ‘temp’ [-Wunused-variable]
  node * temp = front;
         ^
make: *** [src/QueueWithLinkedList.o] Error 1

13:02:07 Build Finished (took 964ms)

